<?xml version="1.0" encoding="UTF-8"?>
<testsuite name="hello.springpractice.membership.repository.MemberRepositoryImpTest" tests="6" skipped="0" failures="0" errors="0" timestamp="2024-12-26T00:48:59" hostname="dep-MacBook-Pro.local" time="0.48">
  <properties/>
  <testcase name="맴버_생성()" classname="hello.springpractice.membership.repository.MemberRepositoryImpTest" time="0.453"/>
  <testcase name="맴버_삭제()" classname="hello.springpractice.membership.repository.MemberRepositoryImpTest" time="0.005"/>
  <testcase name="맴버_조회()" classname="hello.springpractice.membership.repository.MemberRepositoryImpTest" time="0.003"/>
  <testcase name="멤버_조회_없음()" classname="hello.springpractice.membership.repository.MemberRepositoryImpTest" time="0.003"/>
  <testcase name="맴버_이름_조회()" classname="hello.springpractice.membership.repository.MemberRepositoryImpTest" time="0.003"/>
  <testcase name="맴버_전체_조회()" classname="hello.springpractice.membership.repository.MemberRepositoryImpTest" time="0.009"/>
  <system-out><![CDATA[09:48:58.314 [Test worker] INFO org.springframework.boot.test.context.SpringBootTestContextBootstrapper -- Found @SpringBootConfiguration hello.springpractice.SpringPracticeApplication for test class hello.springpractice.membership.repository.MemberRepositoryImpTest

  .   ____          _            __ _ _
 /\\ / ___'_ __ _ _(_)_ __  __ _ \ \ \ \
( ( )\___ | '_ | '_| | '_ \/ _` | \ \ \ \
 \\/  ___)| |_)| | | | | || (_| |  ) ) ) )
  '  |____| .__|_| |_|_| |_\__, | / / / /
 =========|_|==============|___/=/_/_/_/

 :: Spring Boot ::                (v3.4.1)

2024-12-26T09:48:58.470+09:00  INFO 98424 --- [spring-practice] [    Test worker] h.s.m.r.MemberRepositoryImpTest          : Starting MemberRepositoryImpTest using Java 21.0.3 with PID 98424 (started by dp in /Users/dp/Desktop/study/spring-practice)
2024-12-26T09:48:58.471+09:00  INFO 98424 --- [spring-practice] [    Test worker] h.s.m.r.MemberRepositoryImpTest          : No active profile set, falling back to 1 default profile: "default"
2024-12-26T09:48:58.771+09:00  INFO 98424 --- [spring-practice] [    Test worker] .s.d.r.c.RepositoryConfigurationDelegate : Bootstrapping Spring Data JDBC repositories in DEFAULT mode.
2024-12-26T09:48:58.784+09:00  INFO 98424 --- [spring-practice] [    Test worker] .s.d.r.c.RepositoryConfigurationDelegate : Finished Spring Data repository scanning in 9 ms. Found 0 JDBC repository interfaces.
2024-12-26T09:48:59.112+09:00  WARN 98424 --- [spring-practice] [    Test worker] ion$DefaultTemplateResolverConfiguration : Cannot find template location: classpath:/templates/ (please add some templates, check your Thymeleaf configuration, or set spring.thymeleaf.check-template-location=false)
2024-12-26T09:48:59.148+09:00  INFO 98424 --- [spring-practice] [    Test worker] com.zaxxer.hikari.HikariDataSource       : HikariPool-1 - Starting...
2024-12-26T09:48:59.191+09:00  INFO 98424 --- [spring-practice] [    Test worker] com.zaxxer.hikari.pool.HikariPool        : HikariPool-1 - Added connection conn0: url=jdbc:h2:tcp://localhost/~/test user=SA
2024-12-26T09:48:59.192+09:00  INFO 98424 --- [spring-practice] [    Test worker] com.zaxxer.hikari.HikariDataSource       : HikariPool-1 - Start completed.
2024-12-26T09:48:59.283+09:00  INFO 98424 --- [spring-practice] [    Test worker] h.s.m.r.MemberRepositoryImpTest          : Started MemberRepositoryImpTest in 0.903 seconds (process running for 1.427)
]]></system-out>
  <system-err><![CDATA[Mockito is currently self-attaching to enable the inline-mock-maker. This will no longer work in future releases of the JDK. Please add Mockito as an agent to your build what is described in Mockito's documentation: https://javadoc.io/doc/org.mockito/mockito-core/latest/org/mockito/Mockito.html#0.3
WARNING: A Java agent has been loaded dynamically (/Users/dp/.gradle/caches/modules-2/files-2.1/net.bytebuddy/byte-buddy-agent/1.15.11/a38b16385e867f59a641330f0362ebe742788ed8/byte-buddy-agent-1.15.11.jar)
WARNING: If a serviceability tool is in use, please run with -XX:+EnableDynamicAgentLoading to hide this warning
WARNING: If a serviceability tool is not in use, please run with -Djdk.instrument.traceUsage for more information
WARNING: Dynamic loading of agents will be disallowed by default in a future release
]]></system-err>
</testsuite>
