<?xml version="1.0" encoding="UTF-8"?>
<testsuite name="hello.springpractice.membership.repository.MembershipRepositoryImpTest" tests="5" skipped="0" failures="0" errors="0" timestamp="2024-12-26T02:44:15" hostname="dep-MacBook-Pro.local" time="0.451">
  <properties/>
  <testcase name="맴버쉽_파트너쉽_조회()" classname="hello.springpractice.membership.repository.MembershipRepositoryImpTest" time="0.428"/>
  <testcase name="맴버쉽_등록_중복()" classname="hello.springpractice.membership.repository.MembershipRepositoryImpTest" time="0.007"/>
  <testcase name="맴버쉽_전체_조회()" classname="hello.springpractice.membership.repository.MembershipRepositoryImpTest" time="0.007"/>
  <testcase name="맴버쉽_등록()" classname="hello.springpractice.membership.repository.MembershipRepositoryImpTest" time="0.003"/>
  <testcase name="맴버쉽_코드_삭제()" classname="hello.springpractice.membership.repository.MembershipRepositoryImpTest" time="0.003"/>
  <system-out><![CDATA[11:44:14.738 [Test worker] INFO org.springframework.boot.test.context.SpringBootTestContextBootstrapper -- Found @SpringBootConfiguration hello.springpractice.SpringPracticeApplication for test class hello.springpractice.membership.repository.MembershipRepositoryImpTest

  .   ____          _            __ _ _
 /\\ / ___'_ __ _ _(_)_ __  __ _ \ \ \ \
( ( )\___ | '_ | '_| | '_ \/ _` | \ \ \ \
 \\/  ___)| |_)| | | | | || (_| |  ) ) ) )
  '  |____| .__|_| |_|_| |_\__, | / / / /
 =========|_|==============|___/=/_/_/_/

 :: Spring Boot ::                (v3.4.1)

2024-12-26T11:44:14.900+09:00  INFO 24595 --- [spring-practice] [    Test worker] h.s.m.r.MembershipRepositoryImpTest      : Starting MembershipRepositoryImpTest using Java 21.0.3 with PID 24595 (started by dp in /Users/dp/Desktop/study/spring-practice)
2024-12-26T11:44:14.901+09:00  INFO 24595 --- [spring-practice] [    Test worker] h.s.m.r.MembershipRepositoryImpTest      : No active profile set, falling back to 1 default profile: "default"
2024-12-26T11:44:15.182+09:00  INFO 24595 --- [spring-practice] [    Test worker] .s.d.r.c.RepositoryConfigurationDelegate : Bootstrapping Spring Data JDBC repositories in DEFAULT mode.
2024-12-26T11:44:15.194+09:00  INFO 24595 --- [spring-practice] [    Test worker] .s.d.r.c.RepositoryConfigurationDelegate : Finished Spring Data repository scanning in 8 ms. Found 0 JDBC repository interfaces.
2024-12-26T11:44:15.538+09:00  WARN 24595 --- [spring-practice] [    Test worker] ion$DefaultTemplateResolverConfiguration : Cannot find template location: classpath:/templates/ (please add some templates, check your Thymeleaf configuration, or set spring.thymeleaf.check-template-location=false)
2024-12-26T11:44:15.572+09:00  INFO 24595 --- [spring-practice] [    Test worker] com.zaxxer.hikari.HikariDataSource       : HikariPool-1 - Starting...
2024-12-26T11:44:15.610+09:00  INFO 24595 --- [spring-practice] [    Test worker] com.zaxxer.hikari.pool.HikariPool        : HikariPool-1 - Added connection conn0: url=jdbc:h2:tcp://localhost/~/test user=SA
2024-12-26T11:44:15.612+09:00  INFO 24595 --- [spring-practice] [    Test worker] com.zaxxer.hikari.HikariDataSource       : HikariPool-1 - Start completed.
2024-12-26T11:44:15.678+09:00  INFO 24595 --- [spring-practice] [    Test worker] h.s.m.r.MembershipRepositoryImpTest      : Started MembershipRepositoryImpTest in 0.88 seconds (process running for 1.397)
]]></system-out>
  <system-err><![CDATA[Mockito is currently self-attaching to enable the inline-mock-maker. This will no longer work in future releases of the JDK. Please add Mockito as an agent to your build what is described in Mockito's documentation: https://javadoc.io/doc/org.mockito/mockito-core/latest/org/mockito/Mockito.html#0.3
WARNING: A Java agent has been loaded dynamically (/Users/dp/.gradle/caches/modules-2/files-2.1/net.bytebuddy/byte-buddy-agent/1.15.11/a38b16385e867f59a641330f0362ebe742788ed8/byte-buddy-agent-1.15.11.jar)
WARNING: If a serviceability tool is in use, please run with -XX:+EnableDynamicAgentLoading to hide this warning
WARNING: If a serviceability tool is not in use, please run with -Djdk.instrument.traceUsage for more information
WARNING: Dynamic loading of agents will be disallowed by default in a future release
]]></system-err>
</testsuite>
