<?xml version="1.0" encoding="UTF-8"?>
<testsuite name="hello.springpractice.membership.repository.MembershipRepositoryImpTest" tests="4" skipped="0" failures="0" errors="0" timestamp="2024-12-25T08:06:47" hostname="iseunghaui-MacBookPro.local" time="0.539">
  <properties/>
  <testcase name="맴버쉽_등록_중복()" classname="hello.springpractice.membership.repository.MembershipRepositoryImpTest" time="0.523"/>
  <testcase name="맴버쉽_이름_삭제()" classname="hello.springpractice.membership.repository.MembershipRepositoryImpTest" time="0.005"/>
  <testcase name="맴버쉽_이름_조회()" classname="hello.springpractice.membership.repository.MembershipRepositoryImpTest" time="0.005"/>
  <testcase name="맴버쉽_등록()" classname="hello.springpractice.membership.repository.MembershipRepositoryImpTest" time="0.004"/>
  <system-out><![CDATA[17:06:45.997 [Test worker] INFO org.springframework.boot.test.context.SpringBootTestContextBootstrapper -- Found @SpringBootConfiguration hello.springpractice.SpringPracticeApplication for test class hello.springpractice.membership.repository.MembershipRepositoryImpTest

  .   ____          _            __ _ _
 /\\ / ___'_ __ _ _(_)_ __  __ _ \ \ \ \
( ( )\___ | '_ | '_| | '_ \/ _` | \ \ \ \
 \\/  ___)| |_)| | | | | || (_| |  ) ) ) )
  '  |____| .__|_| |_|_| |_\__, | / / / /
 =========|_|==============|___/=/_/_/_/

 :: Spring Boot ::                (v3.4.1)

2024-12-25T17:06:46.181+09:00  INFO 97459 --- [spring-practice] [    Test worker] h.s.m.r.MembershipRepositoryImpTest      : Starting MembershipRepositoryImpTest using Java 21.0.3 with PID 97459 (started by seungha in /Users/seungha/Desktop/my/spring-practice)
2024-12-25T17:06:46.181+09:00  INFO 97459 --- [spring-practice] [    Test worker] h.s.m.r.MembershipRepositoryImpTest      : No active profile set, falling back to 1 default profile: "default"
2024-12-25T17:06:46.493+09:00  INFO 97459 --- [spring-practice] [    Test worker] .s.d.r.c.RepositoryConfigurationDelegate : Bootstrapping Spring Data JDBC repositories in DEFAULT mode.
2024-12-25T17:06:46.502+09:00  INFO 97459 --- [spring-practice] [    Test worker] .s.d.r.c.RepositoryConfigurationDelegate : Finished Spring Data repository scanning in 6 ms. Found 0 JDBC repository interfaces.
2024-12-25T17:06:46.907+09:00  INFO 97459 --- [spring-practice] [    Test worker] com.zaxxer.hikari.HikariDataSource       : HikariPool-1 - Starting...
2024-12-25T17:06:46.953+09:00  INFO 97459 --- [spring-practice] [    Test worker] com.zaxxer.hikari.pool.HikariPool        : HikariPool-1 - Added connection conn0: url=jdbc:h2:tcp://localhost/~/test user=USER
2024-12-25T17:06:46.955+09:00  INFO 97459 --- [spring-practice] [    Test worker] com.zaxxer.hikari.HikariDataSource       : HikariPool-1 - Start completed.
2024-12-25T17:06:47.034+09:00  INFO 97459 --- [spring-practice] [    Test worker] h.s.m.r.MembershipRepositoryImpTest      : Started MembershipRepositoryImpTest in 0.963 seconds (process running for 1.554)
]]></system-out>
  <system-err><![CDATA[Mockito is currently self-attaching to enable the inline-mock-maker. This will no longer work in future releases of the JDK. Please add Mockito as an agent to your build what is described in Mockito's documentation: https://javadoc.io/doc/org.mockito/mockito-core/latest/org/mockito/Mockito.html#0.3
WARNING: A Java agent has been loaded dynamically (/Users/seungha/.gradle/caches/modules-2/files-2.1/net.bytebuddy/byte-buddy-agent/1.15.11/a38b16385e867f59a641330f0362ebe742788ed8/byte-buddy-agent-1.15.11.jar)
WARNING: If a serviceability tool is in use, please run with -XX:+EnableDynamicAgentLoading to hide this warning
WARNING: If a serviceability tool is not in use, please run with -Djdk.instrument.traceUsage for more information
WARNING: Dynamic loading of agents will be disallowed by default in a future release
]]></system-err>
</testsuite>
