<?xml version="1.0" encoding="UTF-8"?>
<testsuite name="hello.springpractice.membership.service.MemberServiceImpTest" tests="1" skipped="0" failures="0" errors="0" timestamp="2024-12-25T09:50:56" hostname="iseunghaui-MacBookPro.local" time="0.497">
  <properties/>
  <testcase name="가입()" classname="hello.springpractice.membership.service.MemberServiceImpTest" time="0.497"/>
  <system-out><![CDATA[18:50:55.158 [Test worker] INFO org.springframework.boot.test.context.SpringBootTestContextBootstrapper -- Found @SpringBootConfiguration hello.springpractice.SpringPracticeApplication for test class hello.springpractice.membership.service.MemberServiceImpTest

  .   ____          _            __ _ _
 /\\ / ___'_ __ _ _(_)_ __  __ _ \ \ \ \
( ( )\___ | '_ | '_| | '_ \/ _` | \ \ \ \
 \\/  ___)| |_)| | | | | || (_| |  ) ) ) )
  '  |____| .__|_| |_|_| |_\__, | / / / /
 =========|_|==============|___/=/_/_/_/

 :: Spring Boot ::                (v3.4.1)

2024-12-25T18:50:55.338+09:00  INFO 11148 --- [spring-practice] [    Test worker] h.s.m.service.MemberServiceImpTest       : Starting MemberServiceImpTest using Java 21.0.3 with PID 11148 (started by seungha in /Users/seungha/Desktop/my/spring-practice)
2024-12-25T18:50:55.339+09:00  INFO 11148 --- [spring-practice] [    Test worker] h.s.m.service.MemberServiceImpTest       : No active profile set, falling back to 1 default profile: "default"
2024-12-25T18:50:55.650+09:00  INFO 11148 --- [spring-practice] [    Test worker] .s.d.r.c.RepositoryConfigurationDelegate : Bootstrapping Spring Data JDBC repositories in DEFAULT mode.
2024-12-25T18:50:55.661+09:00  INFO 11148 --- [spring-practice] [    Test worker] .s.d.r.c.RepositoryConfigurationDelegate : Finished Spring Data repository scanning in 7 ms. Found 0 JDBC repository interfaces.
2024-12-25T18:50:56.082+09:00  INFO 11148 --- [spring-practice] [    Test worker] com.zaxxer.hikari.HikariDataSource       : HikariPool-1 - Starting...
2024-12-25T18:50:56.133+09:00  INFO 11148 --- [spring-practice] [    Test worker] com.zaxxer.hikari.pool.HikariPool        : HikariPool-1 - Added connection conn0: url=jdbc:h2:tcp://localhost/~/test user=USER
2024-12-25T18:50:56.134+09:00  INFO 11148 --- [spring-practice] [    Test worker] com.zaxxer.hikari.HikariDataSource       : HikariPool-1 - Start completed.
2024-12-25T18:50:56.219+09:00  INFO 11148 --- [spring-practice] [    Test worker] h.s.m.service.MemberServiceImpTest       : Started MemberServiceImpTest in 0.991 seconds (process running for 1.578)
]]></system-out>
  <system-err><![CDATA[Mockito is currently self-attaching to enable the inline-mock-maker. This will no longer work in future releases of the JDK. Please add Mockito as an agent to your build what is described in Mockito's documentation: https://javadoc.io/doc/org.mockito/mockito-core/latest/org/mockito/Mockito.html#0.3
WARNING: A Java agent has been loaded dynamically (/Users/seungha/.gradle/caches/modules-2/files-2.1/net.bytebuddy/byte-buddy-agent/1.15.11/a38b16385e867f59a641330f0362ebe742788ed8/byte-buddy-agent-1.15.11.jar)
WARNING: If a serviceability tool is in use, please run with -XX:+EnableDynamicAgentLoading to hide this warning
WARNING: If a serviceability tool is not in use, please run with -Djdk.instrument.traceUsage for more information
WARNING: Dynamic loading of agents will be disallowed by default in a future release
]]></system-err>
</testsuite>
